<?xml version="1.0" encoding="UTF-8"?>
<testsuite name="powerpackage.powertest" tests="4" skipped="0" failures="0" errors="0" timestamp="2024-07-14T14:46:54" hostname="LAPTOP-T426SC2U" time="0.031">
  <properties/>
  <testcase name="TwoRaisedToTwoIsFour()" classname="powerpackage.powertest" time="0.021"/>
  <testcase name="OneRaisedToOneIsOne()" classname="powerpackage.powertest" time="0.001"/>
  <testcase name="ThreeRaisedToTwoIsNine()" classname="powerpackage.powertest" time="0.002"/>
  <testcase name="TwoRaisedToOneIsTwo()" classname="powerpackage.powertest" time="0.001"/>
  <system-out><![CDATA[]]></system-out>
  <system-err><![CDATA[]]></system-err>
</testsuite>
